2017-Jan-06 22:22:23.895442 INFO [simplewallet] lubecoin wallet v1.1.1.1()
2017-Jan-06 22:22:28.893988 ERROR [simplewallet] Error: failed to load wallet: wallet file 'wallet.wallet' is not found
2017-Jan-06 22:22:28.894541 ERROR [simplewallet] Failed to initialize wallet
2017-Jan-06 22:22:28.895846 ERROR [simplewallet] Error: wallet failed to connect to daemon (http://localhost:18238).
2017-Jan-06 22:22:30.564109 INFO [simplewallet] lubecoin wallet v1.1.1.1()
2017-Jan-06 22:22:34.290204 ERROR [simplewallet] Error: failed to load wallet: wallet file 'wallet.wallet' is not found
2017-Jan-06 22:22:34.291130 ERROR [simplewallet] Failed to initialize wallet
2017-Jan-06 22:22:34.293134 ERROR [simplewallet] Error: wallet failed to connect to daemon (http://localhost:18238).
2017-Jan-06 22:22:37.447352 INFO [simplewallet] lubecoin wallet v1.1.1.1()
2017-Jan-06 22:22:43.185037 ERROR [simplewallet] Error: failed to load wallet: wallet file 'wallet.wallet' is not found
2017-Jan-06 22:22:43.185328 ERROR [simplewallet] Failed to initialize wallet
2017-Jan-06 22:22:43.187834 ERROR [simplewallet] Error: wallet failed to connect to daemon (http://localhost:18238).
2017-Jan-06 22:48:27.220285 INFO [simplewallet] lubecoin wallet v1.1.1.1()
2017-Jan-06 22:48:32.246666 ERROR [simplewallet] Error: failed to load wallet: wallet file 'wallet.wallet' is not found
2017-Jan-06 22:48:32.247055 ERROR [simplewallet] Failed to initialize wallet
2017-Jan-06 22:48:32.255517 ERROR [simplewallet] Error: wallet failed to connect to daemon (http://localhost:18238).
2017-Jan-07 07:59:12.541178 INFO [simplewallet] lubecoin wallet v1.1.1.1()
2017-Jan-07 07:59:19.331181 ERROR [simplewallet] Error: failed to load wallet: wallet file 'wallet.wallet' is not found
2017-Jan-07 07:59:19.331422 ERROR [simplewallet] Failed to initialize wallet
2017-Jan-07 07:59:19.334903 ERROR [simplewallet] Error: wallet failed to connect to daemon (http://localhost:18238).
2017-Jan-07 09:24:37.769730 INFO [simplewallet] lubecoin wallet v1.1.1.1()
2017-Jan-07 09:24:45.330173 ERROR [simplewallet] Error: failed to load wallet: wallet file 'wallet.wallet' is not found
2017-Jan-07 09:24:45.330383 ERROR [simplewallet] Failed to initialize wallet
2017-Jan-07 09:24:45.333697 ERROR [simplewallet] Error: wallet failed to connect to daemon (http://localhost:18238).
2017-Jan-07 09:24:46.837914 INFO [simplewallet] lubecoin wallet v1.1.1.1()
2017-Jan-07 09:24:50.829443 ERROR [simplewallet] Error: failed to load wallet: wallet file 'wallet.wallet' is not found
2017-Jan-07 09:24:50.829744 ERROR [simplewallet] Failed to initialize wallet
2017-Jan-07 09:24:50.832259 ERROR [simplewallet] Error: wallet failed to connect to daemon (http://localhost:18238).
2017-Jan-07 09:26:44.478151 INFO [simplewallet] lubecoin wallet v1.1.1.1()
2017-Jan-07 09:26:49.669308 INFO [simplewallet] Generated new wallet: fySBj59LnGRcm6H3smuTh59tcDbMRFGCSDXQcp5JKNv9DGrx1Epk9QcCQBF5rHpfjXMtrxNto9JckYmxuRgZ56QD2RstoCJP6
2017-Jan-07 09:26:49.669308 INFO [simplewallet] view key: 43440261da895589eef5e964cf71b47f95459490224a466252a5570c6c63bf04
2017-Jan-07 09:26:49.670132 INFO [simplewallet] **********************************************************************
Your wallet has been generated.
Use "help" command to see the list of available commands.
Always use "exit" command when closing simplewallet to save
current session's state. Otherwise, you will possibly need to synchronize 
your wallet again. Your wallet key is NOT under risk anyway.
**********************************************************************
2017-Jan-07 09:27:11.664036 INFO [simplewallet] Wallet closed
2017-Jan-07 09:29:48.600193 INFO [simplewallet] lubecoin wallet v1.1.1.1()
2017-Jan-07 09:29:54.560854 INFO [simplewallet] Loading wallet...
2017-Jan-07 09:29:54.603141 ERROR [simplewallet] Error: failed to load wallet: can't load wallet file 'wallet.wallet', check password
2017-Jan-07 09:29:54.603480 ERROR [simplewallet] Failed to initialize wallet
2017-Jan-07 09:30:00.700341 INFO [simplewallet] lubecoin wallet v1.1.1.1()
2017-Jan-07 09:30:05.522633 INFO [simplewallet] Loading wallet...
2017-Jan-07 09:30:05.584519 INFO [simplewallet] Opened wallet: fySBj59LnGRcm6H3smuTh59tcDbMRFGCSDXQcp5JKNv9DGrx1Epk9QcCQBF5rHpfjXMtrxNto9JckYmxuRgZ56QD2RstoCJP6
2017-Jan-07 09:30:05.584830 INFO [simplewallet] **********************************************************************
Use "help" command to see the list of available commands.
**********************************************************************
2017-Jan-07 09:30:07.617945 INFO [simplewallet] available balance: 0.00000000, locked amount: 0.00000000
2017-Jan-07 09:30:12.771825 INFO [simplewallet] Wallet closed
2017-Jan-07 10:24:04.554900 INFO [simplewallet] lubecoin wallet v1.1.1.1()
2017-Jan-07 10:24:11.158211 INFO [simplewallet] Loading wallet...
2017-Jan-07 10:24:11.187798 ERROR [simplewallet] Error: failed to load wallet: can't load wallet file 'wallet.wallet', check password
2017-Jan-07 10:24:11.188079 ERROR [simplewallet] Failed to initialize wallet
2017-Jan-07 10:24:13.531831 INFO [simplewallet] lubecoin wallet v1.1.1.1()
2017-Jan-07 10:24:17.849298 INFO [simplewallet] Loading wallet...
2017-Jan-07 10:24:17.891490 INFO [simplewallet] Opened wallet: fySBj59LnGRcm6H3smuTh59tcDbMRFGCSDXQcp5JKNv9DGrx1Epk9QcCQBF5rHpfjXMtrxNto9JckYmxuRgZ56QD2RstoCJP6
2017-Jan-07 10:24:17.891795 INFO [simplewallet] **********************************************************************
Use "help" command to see the list of available commands.
**********************************************************************
2017-Jan-07 10:24:23.942771 INFO [simplewallet] Wallet closed
2017-Jan-07 10:24:27.861835 INFO [simplewallet] lubecoin wallet v1.1.1.1()
2017-Jan-07 10:24:30.505788 ERROR [simplewallet] Failed to initialize wallet
2017-Jan-07 10:25:51.404098 INFO [simplewallet] lubecoin wallet v1.1.1.1()
2017-Jan-07 10:25:55.417624 INFO [simplewallet] Loading wallet...
2017-Jan-07 10:25:55.524218 INFO [simplewallet] Opened wallet: fySBj59LnGRcm6H3smuTh59tcDbMRFGCSDXQcp5JKNv9DGrx1Epk9QcCQBF5rHpfjXMtrxNto9JckYmxuRgZ56QD2RstoCJP6
2017-Jan-07 10:25:55.524490 INFO [simplewallet] **********************************************************************
Use "help" command to see the list of available commands.
**********************************************************************
2017-Jan-07 10:25:58.499193 INFO [simplewallet] available balance: 0.00000000, locked amount: 0.00000000
2017-Jan-07 10:26:09.972497 INFO [simplewallet] Wallet closed
2017-Jan-07 10:27:07.319865 INFO [simplewallet] lubecoin wallet v1.1.1.1()
2017-Jan-07 10:27:12.065660 INFO [simplewallet] Loading wallet...
2017-Jan-07 10:27:12.190461 INFO [simplewallet] Opened wallet: fySBj59LnGRcm6H3smuTh59tcDbMRFGCSDXQcp5JKNv9DGrx1Epk9QcCQBF5rHpfjXMtrxNto9JckYmxuRgZ56QD2RstoCJP6
2017-Jan-07 10:27:12.190721 INFO [simplewallet] **********************************************************************
Use "help" command to see the list of available commands.
**********************************************************************
2017-Jan-07 10:27:16.123991 INFO [simplewallet] available balance: 0.00000000, locked amount: 0.00000000
2017-Jan-07 10:27:20.053523 INFO [simplewallet] Wallet closed
2017-Jan-07 12:30:14.374701 INFO [simplewallet] lubecoin wallet v1.1.1.1()
2017-Jan-07 12:30:18.535773 INFO [simplewallet] Loading wallet...
2017-Jan-07 12:30:18.608526 ERROR [simplewallet] Error: failed to load wallet: can't load wallet file 'wallet.wallet', check password
2017-Jan-07 12:30:18.608789 ERROR [simplewallet] Failed to initialize wallet
2017-Jan-07 12:30:24.210580 INFO [simplewallet] lubecoin wallet v1.1.1.1()
2017-Jan-07 12:30:28.535732 INFO [simplewallet] Loading wallet...
2017-Jan-07 12:30:28.645680 INFO [simplewallet] Opened wallet: fySBj59LnGRcm6H3smuTh59tcDbMRFGCSDXQcp5JKNv9DGrx1Epk9QcCQBF5rHpfjXMtrxNto9JckYmxuRgZ56QD2RstoCJP6
2017-Jan-07 12:30:28.649634 INFO [simplewallet] **********************************************************************
Use "help" command to see the list of available commands.
**********************************************************************
2017-Jan-07 12:30:30.693707 INFO [simplewallet] available balance: 0.00000000, locked amount: 0.00000000
2017-Jan-07 12:30:36.125864 INFO [simplewallet] Wallet closed
2017-Jan-07 13:56:50.387064 INFO [simplewallet] lubecoin wallet v1.1.1.1()
2017-Jan-07 13:56:54.557064 INFO [simplewallet] Loading wallet...
2017-Jan-07 13:56:54.653511 INFO [simplewallet] Opened wallet: fySBj59LnGRcm6H3smuTh59tcDbMRFGCSDXQcp5JKNv9DGrx1Epk9QcCQBF5rHpfjXMtrxNto9JckYmxuRgZ56QD2RstoCJP6
2017-Jan-07 13:56:54.653809 INFO [simplewallet] **********************************************************************
Use "help" command to see the list of available commands.
**********************************************************************
2017-Jan-07 13:56:56.759468 INFO [simplewallet] available balance: 0.00000000, locked amount: 0.00000000
2017-Jan-07 13:57:06.830991 INFO [simplewallet] Wallet closed
